<?xml version="1.0" encoding="UTF-8"?>
<!-- Generated by org.testng.reporters.JUnitXMLReporter -->
<testsuite hostname="LAPTOP-HBS1LBPK" ignored="0" name="RegressionTest" tests="4" failures="0" timestamp="26 Aug 2020 03:54:47 GMT" time="31.356" errors="0">
  <testcase name="verifyLogin" time="6.873" classname="regression.TC001verifyLogin"/>
  <testcase name="login" time="1.879" classname="regression.TC002verifyAddPayee"/>
  <testcase name="transferFunds" time="1.829" classname="regression.TC003verifyTransferFunds"/>
  <testcase name="payBills" time="1.541" classname="regression.TC004PayBills"/>
</testsuite> <!-- RegressionTest -->
